17:28:35.074 [main] INFO  testCase.TestCase01 - Capturing the error message
17:29:01.913 [main] INFO  testCase.TestCase01 - *****  Starting TestCase01  *****
17:30:08.336 [main] INFO  testCase.TestCase01 - *****  Starting TestCase01  *****
17:30:10.425 [main] INFO  testCase.TestCase01 - Go to New Bikes Header
17:30:14.029 [main] INFO  testCase.TestCase01 - Go to Upcoming Bikes
17:30:15.305 [main] INFO  testCase.TestCase01 - *****  Finished TestCase01  *****
17:30:15.995 [main] INFO  testCase.TestCase01 - *****  Starting TestCase02  *****
17:30:16.748 [main] INFO  testCase.TestCase01 - Selecting Honda from Manufacturer Drop Down
17:30:27.420 [main] INFO  testCase.TestCase01 - *****  Starting TestCase03  *****
17:30:30.469 [main] INFO  testCase.TestCase01 - Scroll up to the top of the upcoming bikes page
17:30:33.497 [main] INFO  testCase.TestCase01 - Select Used Car header
17:30:37.244 [main] INFO  testCase.TestCase01 - Click on Chennai from Used Car drop down
17:30:44.725 [main] INFO  testCase.TestCase01 - Select all the CheckBoxes under the Popular Models 
17:30:46.743 [main] INFO  testCase.TestCase01 - *****  Starting  TestCase04  *****
17:30:46.772 [main] INFO  testCase.TestCase01 - Click on ZigWheels Logo
17:30:50.351 [main] INFO  testCase.TestCase01 - Click on Login Button
17:30:52.689 [main] INFO  testCase.TestCase01 - Click on Google
17:30:53.678 [main] INFO  testCase.TestCase01 - Now switch to child window
17:30:53.719 [main] INFO  testCase.TestCase01 - *****  Finished TestCase04 *****
17:30:56.355 [main] INFO  testCase.TestCase01 - *****  Starting TestCase05 *****
17:30:56.391 [main] INFO  testCase.TestCase01 - Send random emails into emailinputbox
17:30:59.841 [main] INFO  testCase.TestCase01 - click on next button
17:31:05.895 [main] INFO  testCase.TestCase01 - Capturing the error message
17:31:23.292 [main] INFO  testCase.TestCase01 - *****  Starting TestCase01  *****
17:31:24.846 [main] INFO  testCase.TestCase01 - Go to New Bikes Header
17:31:27.837 [main] INFO  testCase.TestCase01 - Go to Upcoming Bikes
17:31:30.015 [main] INFO  testCase.TestCase01 - *****  Finished TestCase01  *****
17:31:30.510 [main] INFO  testCase.TestCase01 - *****  Starting TestCase02  *****
17:31:31.104 [main] INFO  testCase.TestCase01 - Selecting Honda from Manufacturer Drop Down
17:31:33.018 [main] INFO  testCase.TestCase01 - Click on ViewMore Button
17:31:37.237 [main] INFO  testCase.TestCase01 - Get all bike details under 4 lakhs
17:31:37.923 [main] INFO  testCase.TestCase01 - *****  Starting TestCase03  *****
17:31:40.927 [main] INFO  testCase.TestCase01 - Scroll up to the top of the upcoming bikes page
17:31:43.971 [main] INFO  testCase.TestCase01 - Select Used Car header
17:31:47.727 [main] INFO  testCase.TestCase01 - Click on Chennai from Used Car drop down
17:31:53.144 [main] INFO  testCase.TestCase01 - Select all the CheckBoxes under the Popular Models 
17:31:53.656 [main] INFO  testCase.TestCase01 - *****  Starting  TestCase04  *****
17:31:53.657 [main] INFO  testCase.TestCase01 - Click on ZigWheels Logo
17:31:56.869 [main] INFO  testCase.TestCase01 - Click on Login Button
17:31:58.230 [main] INFO  testCase.TestCase01 - Click on Google
17:31:59.354 [main] INFO  testCase.TestCase01 - Now switch to child window
17:31:59.406 [main] INFO  testCase.TestCase01 - *****  Finished TestCase04 *****
17:32:02.041 [main] INFO  testCase.TestCase01 - *****  Starting TestCase05 *****
17:32:02.042 [main] INFO  testCase.TestCase01 - Send random emails into emailinputbox
17:32:05.455 [main] INFO  testCase.TestCase01 - click on next button
17:32:11.491 [main] INFO  testCase.TestCase01 - Capturing the error message
17:35:02.294 [main] INFO  testCase.TestCase01 - *****  Starting TestCase01  *****
17:35:03.068 [main] INFO  testCase.TestCase01 - Go to New Bikes Header
17:35:07.089 [main] INFO  testCase.TestCase01 - Go to Upcoming Bikes
17:35:09.062 [main] INFO  testCase.TestCase01 - *****  Finished TestCase01  *****
17:35:10.409 [main] INFO  testCase.TestCase01 - *****  Starting TestCase02  *****
17:35:10.850 [main] INFO  testCase.TestCase01 - Selecting Honda from Manufacturer Drop Down
17:35:14.885 [main] INFO  testCase.TestCase01 - Click on ViewMore Button
17:35:21.185 [main] INFO  testCase.TestCase01 - Get all bike details under 4 lakhs
17:35:31.575 [main] INFO  testCase.TestCase01 - *****  Finished TestCase02  *****
17:35:32.248 [main] INFO  testCase.TestCase01 - *****  Starting TestCase03  *****
17:35:35.255 [main] INFO  testCase.TestCase01 - Scroll up to the top of the upcoming bikes page
17:35:38.289 [main] INFO  testCase.TestCase01 - Select Used Car header
17:35:41.871 [main] INFO  testCase.TestCase01 - Click on Chennai from Used Car drop down
17:35:47.650 [main] INFO  testCase.TestCase01 - Select all the CheckBoxes under the Popular Models 
17:35:49.123 [main] INFO  testCase.TestCase01 - *****  Finished TestCase03  *****
17:35:49.625 [main] INFO  testCase.TestCase01 - *****  Starting  TestCase04  *****
