17:35:49.627 [main] INFO  testCase.TestCase01 - Click on ZigWheels Logo
17:35:53.010 [main] INFO  testCase.TestCase01 - Click on Login Button
17:35:54.786 [main] INFO  testCase.TestCase01 - Click on Google
17:35:55.658 [main] INFO  testCase.TestCase01 - Now switch to child window
17:35:55.693 [main] INFO  testCase.TestCase01 - *****  Finished TestCase04 *****
17:35:58.823 [main] INFO  testCase.TestCase01 - *****  Starting TestCase05 *****
17:35:58.829 [main] INFO  testCase.TestCase01 - Send random emails into emailinputbox
17:36:02.372 [main] INFO  testCase.TestCase01 - click on next button
17:36:08.374 [main] INFO  testCase.TestCase01 - Capturing the error message
17:36:08.598 [main] INFO  testCase.TestCase01 - *****  Finished TestCase05 *****
17:36:26.104 [main] INFO  testCase.TestCase01 - *****  Starting TestCase01  *****
17:36:28.706 [main] INFO  testCase.TestCase01 - Go to New Bikes Header
17:36:32.834 [main] INFO  testCase.TestCase01 - Go to Upcoming Bikes
17:36:34.829 [main] INFO  testCase.TestCase01 - *****  Finished TestCase01  *****
17:36:35.307 [main] INFO  testCase.TestCase01 - *****  Starting TestCase02  *****
17:36:35.773 [main] INFO  testCase.TestCase01 - Selecting Honda from Manufacturer Drop Down
17:36:37.486 [main] INFO  testCase.TestCase01 - Click on ViewMore Button
17:36:41.336 [main] INFO  testCase.TestCase01 - Get all bike details under 4 lakhs
17:36:49.508 [main] INFO  testCase.TestCase01 - *****  Finished TestCase02  *****
17:36:50.026 [main] INFO  testCase.TestCase01 - *****  Starting TestCase03  *****
17:36:53.028 [main] INFO  testCase.TestCase01 - Scroll up to the top of the upcoming bikes page
17:36:56.056 [main] INFO  testCase.TestCase01 - Select Used Car header
17:36:59.590 [main] INFO  testCase.TestCase01 - Click on Chennai from Used Car drop down
17:37:07.157 [main] INFO  testCase.TestCase01 - Select all the CheckBoxes under the Popular Models 
17:37:08.704 [main] INFO  testCase.TestCase01 - *****  Finished TestCase03  *****
17:37:09.323 [main] INFO  testCase.TestCase01 - *****  Starting  TestCase04  *****
17:37:09.323 [main] INFO  testCase.TestCase01 - Click on ZigWheels Logo
17:37:12.940 [main] INFO  testCase.TestCase01 - Click on Login Button
17:37:14.744 [main] INFO  testCase.TestCase01 - Click on Google
17:37:15.963 [main] INFO  testCase.TestCase01 - Now switch to child window
17:37:15.996 [main] INFO  testCase.TestCase01 - *****  Finished TestCase04 *****
17:37:18.221 [main] INFO  testCase.TestCase01 - *****  Starting TestCase05 *****
17:37:18.222 [main] INFO  testCase.TestCase01 - Send random emails into emailinputbox
17:37:21.692 [main] INFO  testCase.TestCase01 - click on next button
17:37:27.703 [main] INFO  testCase.TestCase01 - Capturing the error message
17:37:27.937 [main] INFO  testCase.TestCase01 - *****  Finished TestCase05 *****
21:50:57.435 [main] INFO  testCase.TestCase01 - *****  Starting TestCase01  *****
21:51:00.834 [main] INFO  testCase.TestCase01 - Go to New Bikes Header
21:51:04.317 [main] INFO  testCase.TestCase01 - Go to Upcoming Bikes
21:51:06.481 [main] INFO  testCase.TestCase01 - *****  Finished TestCase01  *****
21:51:07.519 [main] INFO  testCase.TestCase01 - *****  Starting TestCase02  *****
21:51:08.034 [main] INFO  testCase.TestCase01 - Selecting Honda from Manufacturer Drop Down
21:51:09.801 [main] INFO  testCase.TestCase01 - Click on ViewMore Button
21:51:13.518 [main] INFO  testCase.TestCase01 - Get all bike details under 4 lakhs
21:51:21.290 [main] INFO  testCase.TestCase01 - *****  Finished TestCase02  *****
21:51:21.604 [main] INFO  testCase.TestCase01 - *****  Starting TestCase03  *****
21:51:24.628 [main] INFO  testCase.TestCase01 - Scroll up to the top of the upcoming bikes page
21:51:27.646 [main] INFO  testCase.TestCase01 - Select Used Car header
21:51:31.077 [main] INFO  testCase.TestCase01 - Click on Chennai from Used Car drop down
21:51:36.391 [main] INFO  testCase.TestCase01 - Select all the CheckBoxes under the Popular Models 
21:51:37.724 [main] INFO  testCase.TestCase01 - *****  Finished TestCase03  *****
21:51:38.094 [main] INFO  testCase.TestCase01 - *****  Starting  TestCase04  *****
21:51:38.112 [main] INFO  testCase.TestCase01 - Click on ZigWheels Logo
21:51:40.356 [main] INFO  testCase.TestCase01 - Click on Login Button
21:51:41.313 [main] INFO  testCase.TestCase01 - Click on Google
21:51:42.271 [main] INFO  testCase.TestCase01 - Now switch to child window
21:51:42.290 [main] INFO  testCase.TestCase01 - *****  Finished TestCase04 *****
21:51:44.324 [main] INFO  testCase.TestCase01 - *****  Starting TestCase05 *****
21:51:44.343 [main] INFO  testCase.TestCase01 - Send random emails into emailinputbox
21:51:47.729 [main] INFO  testCase.TestCase01 - click on next button
21:51:53.508 [main] INFO  testCase.TestCase01 - Capturing the error message
21:51:53.663 [main] INFO  testCase.TestCase01 - *****  Finished TestCase05 *****
21:52:07.112 [main] INFO  testCase.TestCase01 - *****  Starting TestCase01  *****
