22:21:03.067 [main] INFO  testCase.TestCase01 - Select Used Car header
22:21:06.811 [main] INFO  testCase.TestCase01 - Click on Chennai from Used Car drop down
22:21:13.230 [main] INFO  testCase.TestCase01 - Select all the CheckBoxes under the Popular Models 
22:21:14.836 [main] INFO  testCase.TestCase01 - *****  Finished TestCase03  *****
22:21:15.329 [main] INFO  testCase.TestCase01 - *****  Starting  TestCase04  *****
22:21:15.332 [main] INFO  testCase.TestCase01 - Click on ZigWheels Logo
22:21:18.457 [main] INFO  testCase.TestCase01 - Click on Login Button
22:21:19.946 [main] INFO  testCase.TestCase01 - Click on Google
22:21:20.954 [main] INFO  testCase.TestCase01 - Now switch to child window
22:21:20.991 [main] INFO  testCase.TestCase01 - *****  Finished TestCase04 *****
22:21:22.807 [main] INFO  testCase.TestCase01 - *****  Starting TestCase05 *****
22:21:22.812 [main] INFO  testCase.TestCase01 - Send random emails into emailinputbox
22:21:26.292 [main] INFO  testCase.TestCase01 - click on next button
22:21:32.283 [main] INFO  testCase.TestCase01 - Capturing the error message
22:21:32.526 [main] INFO  testCase.TestCase01 - *****  Finished TestCase05 *****
09:29:04.494 [main] INFO  testCase.TestCase01 - *****  Starting TestCase01  *****
09:29:04.938 [main] INFO  testCase.TestCase01 - Go to New Bikes Header
09:29:07.467 [main] INFO  testCase.TestCase01 - Go to Upcoming Bikes
09:29:39.411 [main] INFO  testCase.TestCase01 - *****  Finished TestCase01  *****
09:29:39.603 [main] INFO  testCase.TestCase01 - *****  Starting TestCase02  *****
09:29:39.845 [main] INFO  testCase.TestCase01 - Selecting Honda from Manufacturer Drop Down
09:30:11.727 [main] INFO  testCase.TestCase01 - Click on ViewMore Button
09:30:15.102 [main] INFO  testCase.TestCase01 - Get all bike details under 4 lakhs
09:30:19.860 [main] INFO  testCase.TestCase01 - *****  Finished TestCase02  *****
09:30:20.131 [main] INFO  testCase.TestCase01 - *****  Starting TestCase03  *****
09:30:23.156 [main] INFO  testCase.TestCase01 - Scroll up to the top of the upcoming bikes page
09:30:26.171 [main] INFO  testCase.TestCase01 - Select Used Car header
09:30:29.504 [main] INFO  testCase.TestCase01 - Click on Chennai from Used Car drop down
09:31:01.994 [main] INFO  testCase.TestCase01 - Select all the CheckBoxes under the Popular Models 
09:31:02.639 [main] INFO  testCase.TestCase01 - *****  Finished TestCase03  *****
09:31:02.931 [main] INFO  testCase.TestCase01 - *****  Starting  TestCase04  *****
09:31:02.946 [main] INFO  testCase.TestCase01 - Click on ZigWheels Logo
09:31:05.224 [main] INFO  testCase.TestCase01 - Click on Login Button
09:31:05.909 [main] INFO  testCase.TestCase01 - Click on Google
09:31:06.619 [main] INFO  testCase.TestCase01 - Now switch to child window
09:31:06.638 [main] INFO  testCase.TestCase01 - *****  Finished TestCase04 *****
09:31:10.871 [main] INFO  testCase.TestCase01 - *****  Starting TestCase05 *****
09:31:10.894 [main] INFO  testCase.TestCase01 - Send random emails into emailinputbox
09:31:14.219 [main] INFO  testCase.TestCase01 - click on next button
09:31:19.836 [main] INFO  testCase.TestCase01 - Capturing the error message
09:31:20.008 [main] INFO  testCase.TestCase01 - *****  Finished TestCase05 *****
11:12:21.643 [main] INFO  testCase.TestCase01 - *****  Starting TestCase01  *****
11:12:22.373 [main] INFO  testCase.TestCase01 - Go to New Bikes Header
11:12:25.275 [main] INFO  testCase.TestCase01 - Go to Upcoming Bikes
11:12:39.181 [main] INFO  testCase.TestCase01 - *****  Finished TestCase01  *****
11:12:39.571 [main] INFO  testCase.TestCase01 - *****  Starting  TestCase04  *****
11:12:39.574 [main] INFO  testCase.TestCase01 - Click on ZigWheels Logo
11:12:43.638 [main] INFO  testCase.TestCase01 - Click on Login Button
11:12:45.881 [main] INFO  testCase.TestCase01 - Click on Google
11:12:46.819 [main] INFO  testCase.TestCase01 - Now switch to child window
11:12:46.987 [main] INFO  testCase.TestCase01 - *****  Finished TestCase04 *****
11:15:28.226 [main] INFO  testCase.TestCase01 - *****  Starting TestCase01  *****
11:16:50.457 [main] INFO  testCase.TestCase01 - *****  Starting TestCase01  *****
11:16:51.485 [main] INFO  testCase.TestCase01 - Go to New Bikes Header
11:16:54.415 [main] INFO  testCase.TestCase01 - Go to Upcoming Bikes
11:17:27.115 [main] INFO  testCase.TestCase01 - *****  Finished TestCase01  *****
11:17:27.453 [main] INFO  testCase.TestCase01 - *****  Starting TestCase02  *****
11:17:27.839 [main] INFO  testCase.TestCase01 - Selecting Honda from Manufacturer Drop Down
11:17:53.078 [main] INFO  testCase.TestCase01 - Click on ViewMore Button
11:17:56.732 [main] INFO  testCase.TestCase01 - Get all bike details under 4 lakhs
11:18:04.740 [main] INFO  testCase.TestCase01 - *****  Finished TestCase02  *****
11:18:05.163 [main] INFO  testCase.TestCase01 - *****  Starting TestCase03  *****
11:18:08.215 [main] INFO  testCase.TestCase01 - Scroll up to the top of the upcoming bikes page
